have_header: checking for locale.h... -------------------- yes

"clang -o conftest -I/Users/mac/.rbenv/versions/2.6.0/include/ruby-2.6.0/x86_64-darwin22 -I/Users/mac/.rbenv/versions/2.6.0/include/ruby-2.6.0/ruby/backward -I/Users/mac/.rbenv/versions/2.6.0/include/ruby-2.6.0 -I. -I/usr/local/opt/ruby/include -D_XOPEN_SOURCE -D_DARWIN_C_SOURCE -D_DARWIN_UNLIMITED_SELECT -D_REENTRANT   -O3 -ggdb3 -Wall -Wextra -Wdeclaration-after-statement -Wdeprecated-declarations -Wdivision-by-zero -Wimplicit-function-declaration -Wimplicit-int -Wmisleading-indentation -Wpointer-arith -Wshorten-64-to-32 -Wwrite-strings -Wmissing-noreturn -Wno-cast-function-type -Wno-constant-logical-operand -Wno-long-long -Wno-missing-field-initializers -Wno-overlength-strings -Wno-parentheses-equality -Wno-self-assign -Wno-tautological-compare -Wno-unused-parameter -Wno-unused-value -Wunused-variable -Wextra-tokens  -fno-common -pipe conftest.c  -L. -L/Users/mac/.rbenv/versions/2.6.0/lib -L. -L/usr/local/opt/ruby/lib -fstack-protector-strong -L/usr/local/lib     -lruby.2.6   "
checked program was:
/* begin */
1: #include "ruby.h"
2: 
3: int main(int argc, char **argv)
4: {
5:   return 0;
6: }
/* end */

"clang -E -I/Users/mac/.rbenv/versions/2.6.0/include/ruby-2.6.0/x86_64-darwin22 -I/Users/mac/.rbenv/versions/2.6.0/include/ruby-2.6.0/ruby/backward -I/Users/mac/.rbenv/versions/2.6.0/include/ruby-2.6.0 -I. -I/usr/local/opt/ruby/include -D_XOPEN_SOURCE -D_DARWIN_C_SOURCE -D_DARWIN_UNLIMITED_SELECT -D_REENTRANT   -O3 -ggdb3 -Wall -Wextra -Wdeclaration-after-statement -Wdeprecated-declarations -Wdivision-by-zero -Wimplicit-function-declaration -Wimplicit-int -Wmisleading-indentation -Wpointer-arith -Wshorten-64-to-32 -Wwrite-strings -Wmissing-noreturn -Wno-cast-function-type -Wno-constant-logical-operand -Wno-long-long -Wno-missing-field-initializers -Wno-overlength-strings -Wno-parentheses-equality -Wno-self-assign -Wno-tautological-compare -Wno-unused-parameter -Wno-unused-value -Wunused-variable -Wextra-tokens  -fno-common -pipe  conftest.c -o conftest.i"
checked program was:
/* begin */
1: #include "ruby.h"
2: 
3: #include <locale.h>
/* end */

--------------------

have_func: checking for setlocale()... -------------------- yes

"clang -o conftest -I/Users/mac/.rbenv/versions/2.6.0/include/ruby-2.6.0/x86_64-darwin22 -I/Users/mac/.rbenv/versions/2.6.0/include/ruby-2.6.0/ruby/backward -I/Users/mac/.rbenv/versions/2.6.0/include/ruby-2.6.0 -I. -I/usr/local/opt/ruby/include -D_XOPEN_SOURCE -D_DARWIN_C_SOURCE -D_DARWIN_UNLIMITED_SELECT -D_REENTRANT   -O3 -ggdb3 -Wall -Wextra -Wdeclaration-after-statement -Wdeprecated-declarations -Wdivision-by-zero -Wimplicit-function-declaration -Wimplicit-int -Wmisleading-indentation -Wpointer-arith -Wshorten-64-to-32 -Wwrite-strings -Wmissing-noreturn -Wno-cast-function-type -Wno-constant-logical-operand -Wno-long-long -Wno-missing-field-initializers -Wno-overlength-strings -Wno-parentheses-equality -Wno-self-assign -Wno-tautological-compare -Wno-unused-parameter -Wno-unused-value -Wunused-variable -Wextra-tokens  -fno-common -pipe conftest.c  -L. -L/Users/mac/.rbenv/versions/2.6.0/lib -L. -L/usr/local/opt/ruby/lib -fstack-protector-strong -L/usr/local/lib     -lruby.2.6   "
conftest.c:14:57: error: use of undeclared identifier 'setlocale'
int t(void) { void ((*volatile p)()); p = (void ((*)()))setlocale; return !p; }
                                                        ^
1 error generated.
checked program was:
/* begin */
 1: #include "ruby.h"
 2: 
 3: /*top*/
 4: extern int t(void);
 5: int main(int argc, char **argv)
 6: {
 7:   if (argc > 1000000) {
 8:     int (* volatile tp)(void)=(int (*)(void))&t;
 9:     printf("%d", (*tp)());
10:   }
11: 
12:   return 0;
13: }
14: int t(void) { void ((*volatile p)()); p = (void ((*)()))setlocale; return !p; }
/* end */

"clang -o conftest -I/Users/mac/.rbenv/versions/2.6.0/include/ruby-2.6.0/x86_64-darwin22 -I/Users/mac/.rbenv/versions/2.6.0/include/ruby-2.6.0/ruby/backward -I/Users/mac/.rbenv/versions/2.6.0/include/ruby-2.6.0 -I. -I/usr/local/opt/ruby/include -D_XOPEN_SOURCE -D_DARWIN_C_SOURCE -D_DARWIN_UNLIMITED_SELECT -D_REENTRANT   -O3 -ggdb3 -Wall -Wextra -Wdeclaration-after-statement -Wdeprecated-declarations -Wdivision-by-zero -Wimplicit-function-declaration -Wimplicit-int -Wmisleading-indentation -Wpointer-arith -Wshorten-64-to-32 -Wwrite-strings -Wmissing-noreturn -Wno-cast-function-type -Wno-constant-logical-operand -Wno-long-long -Wno-missing-field-initializers -Wno-overlength-strings -Wno-parentheses-equality -Wno-self-assign -Wno-tautological-compare -Wno-unused-parameter -Wno-unused-value -Wunused-variable -Wextra-tokens  -fno-common -pipe conftest.c  -L. -L/Users/mac/.rbenv/versions/2.6.0/lib -L. -L/usr/local/opt/ruby/lib -fstack-protector-strong -L/usr/local/lib     -lruby.2.6   "
checked program was:
/* begin */
 1: #include "ruby.h"
 2: 
 3: /*top*/
 4: extern int t(void);
 5: int main(int argc, char **argv)
 6: {
 7:   if (argc > 1000000) {
 8:     int (* volatile tp)(void)=(int (*)(void))&t;
 9:     printf("%d", (*tp)());
10:   }
11: 
12:   return 0;
13: }
14: extern void setlocale();
15: int t(void) { setlocale(); return 0; }
/* end */

--------------------

have_func: checking for strcoll()... -------------------- yes

"clang -o conftest -I/Users/mac/.rbenv/versions/2.6.0/include/ruby-2.6.0/x86_64-darwin22 -I/Users/mac/.rbenv/versions/2.6.0/include/ruby-2.6.0/ruby/backward -I/Users/mac/.rbenv/versions/2.6.0/include/ruby-2.6.0 -I. -I/usr/local/opt/ruby/include -D_XOPEN_SOURCE -D_DARWIN_C_SOURCE -D_DARWIN_UNLIMITED_SELECT -D_REENTRANT   -O3 -ggdb3 -Wall -Wextra -Wdeclaration-after-statement -Wdeprecated-declarations -Wdivision-by-zero -Wimplicit-function-declaration -Wimplicit-int -Wmisleading-indentation -Wpointer-arith -Wshorten-64-to-32 -Wwrite-strings -Wmissing-noreturn -Wno-cast-function-type -Wno-constant-logical-operand -Wno-long-long -Wno-missing-field-initializers -Wno-overlength-strings -Wno-parentheses-equality -Wno-self-assign -Wno-tautological-compare -Wno-unused-parameter -Wno-unused-value -Wunused-variable -Wextra-tokens  -fno-common -pipe conftest.c  -L. -L/Users/mac/.rbenv/versions/2.6.0/lib -L. -L/usr/local/opt/ruby/lib -fstack-protector-strong -L/usr/local/lib     -lruby.2.6   "
checked program was:
/* begin */
 1: #include "ruby.h"
 2: 
 3: /*top*/
 4: extern int t(void);
 5: int main(int argc, char **argv)
 6: {
 7:   if (argc > 1000000) {
 8:     int (* volatile tp)(void)=(int (*)(void))&t;
 9:     printf("%d", (*tp)());
10:   }
11: 
12:   return 0;
13: }
14: int t(void) { void ((*volatile p)()); p = (void ((*)()))strcoll; return !p; }
/* end */

--------------------

have_func: checking for strxfrm()... -------------------- yes

"clang -o conftest -I/Users/mac/.rbenv/versions/2.6.0/include/ruby-2.6.0/x86_64-darwin22 -I/Users/mac/.rbenv/versions/2.6.0/include/ruby-2.6.0/ruby/backward -I/Users/mac/.rbenv/versions/2.6.0/include/ruby-2.6.0 -I. -I/usr/local/opt/ruby/include -D_XOPEN_SOURCE -D_DARWIN_C_SOURCE -D_DARWIN_UNLIMITED_SELECT -D_REENTRANT   -O3 -ggdb3 -Wall -Wextra -Wdeclaration-after-statement -Wdeprecated-declarations -Wdivision-by-zero -Wimplicit-function-declaration -Wimplicit-int -Wmisleading-indentation -Wpointer-arith -Wshorten-64-to-32 -Wwrite-strings -Wmissing-noreturn -Wno-cast-function-type -Wno-constant-logical-operand -Wno-long-long -Wno-missing-field-initializers -Wno-overlength-strings -Wno-parentheses-equality -Wno-self-assign -Wno-tautological-compare -Wno-unused-parameter -Wno-unused-value -Wunused-variable -Wextra-tokens  -fno-common -pipe conftest.c  -L. -L/Users/mac/.rbenv/versions/2.6.0/lib -L. -L/usr/local/opt/ruby/lib -fstack-protector-strong -L/usr/local/lib     -lruby.2.6   "
checked program was:
/* begin */
 1: #include "ruby.h"
 2: 
 3: /*top*/
 4: extern int t(void);
 5: int main(int argc, char **argv)
 6: {
 7:   if (argc > 1000000) {
 8:     int (* volatile tp)(void)=(int (*)(void))&t;
 9:     printf("%d", (*tp)());
10:   }
11: 
12:   return 0;
13: }
14: int t(void) { void ((*volatile p)()); p = (void ((*)()))strxfrm; return !p; }
/* end */

--------------------

