My-Launchd-Logs: -------------------------- [2022-12-17 22:22:11]
shutdown-task-run: shutdown-launchd(监听键盘鼠标任务|关机)
gpu-task-run: gpu-launchd(开机|任务启动)
shutdown-task-run: shutdown-launchd(关机中...)
gpu-task-run: gpu-launchd(关机|任务关闭)
My-Launchd-Logs: -------------------------- [END]

gpu-task-run: gpu-launchd(开机|任务启动)
My-Launchd-Logs: -------------------------- [2022-12-17 22:23:52]
shutdown-task-run: shutdown-launchd(监听键盘鼠标任务|关机)
shutdown-task-run: shutdown-launchd(关机中...)
gpu-task-run: gpu-launchd(关机|任务关闭)
My-Launchd-Logs: -------------------------- [END]

gpu-task-run: gpu-launchd(开机|任务启动)
My-Launchd-Logs: -------------------------- [2022-12-18 11:46:11]
shutdown-task-run: shutdown-launchd(监听键盘鼠标任务|关机)
gpu-task-run: gpu-launchd(关机|任务关闭)
My-Launchd-Logs: -------------------------- [END]

My-Launchd-Logs: -------------------------- [2022-12-18 12:31:25]
shutdown-task-run: shutdown-launchd(监听键盘鼠标任务|关机)
gpu-task-run: gpu-launchd(开机|任务启动)
shutdown-task-run: shutdown-launchd(关机中...)
gpu-task-run: gpu-launchd(关机|任务关闭)
My-Launchd-Logs: -------------------------- [END]

My-Launchd-Logs: -------------------------- [2022-12-18 14:31:59]
shutdown-task-run: shutdown-launchd(监听键盘鼠标任务|关机)
gpu-task-run: gpu-launchd(开机|任务启动)
gpu-task-run: gpu-launchd(关机|任务关闭)
My-Launchd-Logs: -------------------------- [END]

My-Launchd-Logs: -------------------------- [2022-12-18 15:45:16]
shutdown-task-run: shutdown-launchd(监听键盘鼠标任务|关机)
gpu-task-run: gpu-launchd(开机|任务启动)
shutdown-task-run: shutdown-launchd(关机中...)
gpu-task-run: gpu-launchd(关机|任务关闭)
My-Launchd-Logs: -------------------------- [END]

gpu-task-run: gpu-launchd(开机|任务启动)
My-Launchd-Logs: -------------------------- [2022-12-18 20:56:42]
shutdown-task-run: shutdown-launchd(监听键盘鼠标任务|关机)
gpu-task-run: gpu-launchd(关机|任务关闭)
My-Launchd-Logs: -------------------------- [END]

gpu-task-run: gpu-launchd(开机|任务启动)
My-Launchd-Logs: -------------------------- [2022-12-19 09:49:49]
shutdown-task-run: shutdown-launchd(监听键盘鼠标任务|关机)
shutdown-task-run: shutdown-launchd(关机中...)
gpu-task-run: gpu-launchd(关机|任务关闭)
My-Launchd-Logs: -------------------------- [END]

gpu-task-run: gpu-launchd(开机|任务启动)
My-Launchd-Logs: -------------------------- [2022-12-19 15:05:15]
shutdown-task-run: shutdown-launchd(监听键盘鼠标任务|关机)
gpu-task-run: gpu-launchd(关机|任务关闭)
My-Launchd-Logs: -------------------------- [END]

gpu-task-run: gpu-launchd(开机|任务启动)
My-Launchd-Logs: -------------------------- [2022-12-19 18:08:41]
shutdown-task-run: shutdown-launchd(监听键盘鼠标任务|关机)
shutdown-task-run: shutdown-launchd(关机中...)
gpu-task-run: gpu-launchd(关机|任务关闭)
My-Launchd-Logs: -------------------------- [END]

gpu-task-run: gpu-launchd(开机|任务启动)
My-Launchd-Logs: -------------------------- [2022-12-20 11:06:36]
shutdown-task-run: shutdown-launchd(监听键盘鼠标任务|关机)
shutdown-task-run: shutdown-launchd(关机中...)
gpu-task-run: gpu-launchd(关机|任务关闭)
My-Launchd-Logs: -------------------------- [END]

My-Launchd-Logs: -------------------------- [2022-12-21 16:42:41]
shutdown-task-run: shutdown-launchd(监听键盘鼠标任务|关机)
gpu-task-run: gpu-launchd(开机|任务启动)
gpu-task-run: gpu-launchd(关机|任务关闭)
My-Launchd-Logs: -------------------------- [END]

My-Launchd-Logs: -------------------------- [2022-12-29 16:49:23]
shutdown-task-run: shutdown-launchd(监听键盘鼠标任务|关机)
gpu-task-run: gpu-launchd(开机|任务启动)
gpu-task-run: gpu-launchd(关机|任务关闭)
My-Launchd-Logs: -------------------------- [END]

gpu-task-run: gpu-launchd(开机|任务启动)
My-Launchd-Logs: -------------------------- [2022-12-30 13:28:50]
shutdown-task-run: shutdown-launchd(监听键盘鼠标任务|关机)
shutdown-task-run: shutdown-launchd(关机中...)
gpu-task-run: gpu-launchd(关机|任务关闭)
My-Launchd-Logs: -------------------------- [END]

My-Launchd-Logs: -------------------------- [2022-12-30 17:34:53]
shutdown-task-run: shutdown-launchd(监听键盘鼠标任务|关机)
gpu-task-run: gpu-launchd(开机|任务启动)
gpu-task-run: gpu-launchd(关机|任务关闭)
My-Launchd-Logs: -------------------------- [END]

My-Launchd-Logs: -------------------------- [2022-12-31 13:07:51]
shutdown-task-run: shutdown-launchd(监听键盘鼠标任务|关机)
gpu-task-run: gpu-launchd(开机|任务启动)
shutdown-task-run: shutdown-launchd(关机中...)
gpu-task-run: gpu-launchd(关机|任务关闭)
My-Launchd-Logs: -------------------------- [END]

gpu-task-run: gpu-launchd(开机|任务启动)
My-Launchd-Logs: -------------------------- [2023-01-01 11:57:32]
shutdown-task-run: shutdown-launchd(监听键盘鼠标任务|关机)
shutdown-task-run: shutdown-launchd(关机中...)
gpu-task-run: gpu-launchd(关机|任务关闭)
My-Launchd-Logs: -------------------------- [END]

gpu-task-run: gpu-launchd(开机|任务启动)
My-Launchd-Logs: -------------------------- [2023-01-02 11:20:24]
shutdown-task-run: shutdown-launchd(监听键盘鼠标任务|关机)
gpu-task-run: gpu-launchd(关机|任务关闭)
My-Launchd-Logs: -------------------------- [END]

My-Launchd-Logs: -------------------------- [2023-01-02 17:24:20]
shutdown-task-run: shutdown-launchd(监听键盘鼠标任务|关机)
gpu-task-run: gpu-launchd(开机|任务启动)
shutdown-task-run: shutdown-launchd(关机中...)
gpu-task-run: gpu-launchd(关机|任务关闭)
My-Launchd-Logs: -------------------------- [END]

gpu-task-run: gpu-launchd(开机|任务启动)
My-Launchd-Logs: -------------------------- [2023-01-03 11:05:09]
shutdown-task-run: shutdown-launchd(监听键盘鼠标任务|关机)
gpu-task-run: gpu-launchd(关机|任务关闭)
My-Launchd-Logs: -------------------------- [END]

gpu-task-run: gpu-launchd(开机|任务启动)
My-Launchd-Logs: -------------------------- [2023-01-03 15:21:43]
shutdown-task-run: shutdown-launchd(监听键盘鼠标任务|关机)
shutdown-task-run: shutdown-launchd(关机中...)
gpu-task-run: gpu-launchd(关机|任务关闭)
My-Launchd-Logs: -------------------------- [END]

gpu-task-run: gpu-launchd(开机|任务启动)
My-Launchd-Logs: -------------------------- [2023-01-04 17:29:36]
shutdown-task-run: shutdown-launchd(监听键盘鼠标任务|关机)
gpu-task-run: gpu-launchd(关机|任务关闭)
My-Launchd-Logs: -------------------------- [END]

gpu-task-run: gpu-launchd(开机|任务启动)
My-Launchd-Logs: -------------------------- [2023-01-05 18:00:35]
shutdown-task-run: shutdown-launchd(监听键盘鼠标任务|关机)
shutdown-task-run: shutdown-launchd(关机中...)
gpu-task-run: gpu-launchd(关机|任务关闭)
My-Launchd-Logs: -------------------------- [END]

gpu-task-run: gpu-launchd(开机|任务启动)
My-Launchd-Logs: -------------------------- [2023-01-07 16:21:49]
shutdown-task-run: shutdown-launchd(监听键盘鼠标任务|关机)
gpu-task-run: gpu-launchd(关机|任务关闭)
My-Launchd-Logs: -------------------------- [END]

gpu-task-run: gpu-launchd(开机|任务启动)
My-Launchd-Logs: -------------------------- [2023-01-13 13:26:10]
shutdown-task-run: shutdown-launchd(监听键盘鼠标任务|关机)
gpu-task-run: gpu-launchd(关机|任务关闭)
My-Launchd-Logs: -------------------------- [END]

My-Launchd-Logs: -------------------------- [2023-01-19 15:11:38]
shutdown-task-run: shutdown-launchd(监听键盘鼠标任务|关机)
gpu-task-run: gpu-launchd(开机|任务启动)
shutdown-task-run: shutdown-launchd(关机中...)
gpu-task-run: gpu-launchd(关机|任务关闭)
My-Launchd-Logs: -------------------------- [END]

gpu-task-run: gpu-launchd(开机|任务启动)
My-Launchd-Logs: -------------------------- [2023-01-20 13:24:19]
shutdown-task-run: shutdown-launchd(监听键盘鼠标任务|关机)
shutdown-task-run: shutdown-launchd(关机中...)
gpu-task-run: gpu-launchd(关机|任务关闭)
My-Launchd-Logs: -------------------------- [END]

gpu-task-run: gpu-launchd(开机|任务启动)
My-Launchd-Logs: -------------------------- [2023-01-20 13:31:17]
shutdown-task-run: shutdown-launchd(监听键盘鼠标任务|关机)
shutdown-task-run: shutdown-launchd(关机中...)
gpu-task-run: gpu-launchd(关机|任务关闭)
My-Launchd-Logs: -------------------------- [END]

My-Launchd-Logs: -------------------------- [2023-01-21 13:07:53]
shutdown-task-run: shutdown-launchd(监听键盘鼠标任务|关机)
gpu-task-run: gpu-launchd(开机|任务启动)
shutdown-task-run: shutdown-launchd(关机中...)
gpu-task-run: gpu-launchd(关机|任务关闭)
My-Launchd-Logs: -------------------------- [END]

gpu-task-run: gpu-launchd(开机|任务启动)
My-Launchd-Logs: -------------------------- [2023-01-22 12:01:10]
shutdown-task-run: shutdown-launchd(监听键盘鼠标任务|关机)
gpu-task-run: gpu-launchd(关机|任务关闭)
My-Launchd-Logs: -------------------------- [END]

gpu-task-run: gpu-launchd(开机|任务启动)
My-Launchd-Logs: -------------------------- [2023-01-22 17:34:15]
shutdown-task-run: shutdown-launchd(监听键盘鼠标任务|关机)
gpu-task-run: gpu-launchd(关机|任务关闭)
My-Launchd-Logs: -------------------------- [END]

gpu-task-run: gpu-launchd(开机|任务启动)
My-Launchd-Logs: -------------------------- [2023-01-23 10:45:47]
shutdown-task-run: shutdown-launchd(监听键盘鼠标任务|关机)
shutdown-task-run: shutdown-launchd(关机中...)
gpu-task-run: gpu-launchd(关机|任务关闭)
My-Launchd-Logs: -------------------------- [END]

My-Launchd-Logs: -------------------------- [2023-01-23 13:23:15]
shutdown-task-run: shutdown-launchd(监听键盘鼠标任务|关机)
gpu-task-run: gpu-launchd(开机|任务启动)
shutdown-task-run: shutdown-launchd(关机中...)
gpu-task-run: gpu-launchd(关机|任务关闭)
My-Launchd-Logs: -------------------------- [END]

gpu-task-run: gpu-launchd(开机|任务启动)
My-Launchd-Logs: -------------------------- [2023-01-24 11:34:34]
shutdown-task-run: shutdown-launchd(监听键盘鼠标任务|关机)
gpu-task-run: gpu-launchd(关机|任务关闭)
My-Launchd-Logs: -------------------------- [END]

gpu-task-run: gpu-launchd(开机|任务启动)
My-Launchd-Logs: -------------------------- [2023-01-24 15:24:56]
shutdown-task-run: shutdown-launchd(监听键盘鼠标任务|关机)
shutdown-task-run: shutdown-launchd(关机中...)
gpu-task-run: gpu-launchd(关机|任务关闭)
My-Launchd-Logs: -------------------------- [END]

My-Launchd-Logs: -------------------------- [2023-01-25 11:48:47]
shutdown-task-run: shutdown-launchd(监听键盘鼠标任务|关机)
gpu-task-run: gpu-launchd(开机|任务启动)
shutdown-task-run: shutdown-launchd(关机中...)
gpu-task-run: gpu-launchd(关机|任务关闭)
My-Launchd-Logs: -------------------------- [END]

My-Launchd-Logs: -------------------------- [2023-01-25 20:28:18]
shutdown-task-run: shutdown-launchd(监听键盘鼠标任务|关机)
gpu-task-run: gpu-launchd(开机|任务启动)
gpu-task-run: gpu-launchd(关机|任务关闭)
My-Launchd-Logs: -------------------------- [END]

gpu-task-run: gpu-launchd(开机|任务启动)
My-Launchd-Logs: -------------------------- [2023-01-26 09:57:25]
shutdown-task-run: shutdown-launchd(监听键盘鼠标任务|关机)
gpu-task-run: gpu-launchd(关机|任务关闭)
My-Launchd-Logs: -------------------------- [END]

gpu-task-run: gpu-launchd(开机|任务启动)
My-Launchd-Logs: -------------------------- [2023-01-27 12:52:15]
shutdown-task-run: shutdown-launchd(监听键盘鼠标任务|关机)
gpu-task-run: gpu-launchd(关机|任务关闭)
My-Launchd-Logs: -------------------------- [END]

gpu-task-run: gpu-launchd(开机|任务启动)
My-Launchd-Logs: -------------------------- [2023-01-27 21:25:55]
shutdown-task-run: shutdown-launchd(监听键盘鼠标任务|关机)
gpu-task-run: gpu-launchd(关机|任务关闭)
My-Launchd-Logs: -------------------------- [END]

gpu-task-run: gpu-launchd(开机|任务启动)
My-Launchd-Logs: -------------------------- [2023-01-28 08:45:43]
shutdown-task-run: shutdown-launchd(监听键盘鼠标任务|关机)
gpu-task-run: gpu-launchd(关机|任务关闭)
My-Launchd-Logs: -------------------------- [END]

gpu-task-run: gpu-launchd(开机|任务启动)
My-Launchd-Logs: -------------------------- [2023-01-28 11:52:37]
shutdown-task-run: shutdown-launchd(监听键盘鼠标任务|关机)
shutdown-task-run: shutdown-launchd(关机中...)
gpu-task-run: gpu-launchd(关机|任务关闭)
My-Launchd-Logs: -------------------------- [END]

gpu-task-run: gpu-launchd(开机|任务启动)
My-Launchd-Logs: -------------------------- [2023-01-28 12:44:43]
shutdown-task-run: shutdown-launchd(监听键盘鼠标任务|关机)
gpu-task-run: gpu-launchd(关机|任务关闭)
My-Launchd-Logs: -------------------------- [END]

gpu-task-run: gpu-launchd(开机|任务启动)
My-Launchd-Logs: -------------------------- [2023-01-29 08:54:53]
shutdown-task-run: shutdown-launchd(监听键盘鼠标任务|关机)
gpu-task-run: gpu-launchd(关机|任务关闭)
My-Launchd-Logs: -------------------------- [END]

My-Launchd-Logs: -------------------------- [2023-01-30 08:48:08]
shutdown-task-run: shutdown-launchd(监听键盘鼠标任务|关机)
gpu-task-run: gpu-launchd(开机|任务启动)
shutdown-task-run: shutdown-launchd(关机中...)
gpu-task-run: gpu-launchd(关机|任务关闭)
My-Launchd-Logs: -------------------------- [END]

gpu-task-run: gpu-launchd(开机|任务启动)
My-Launchd-Logs: -------------------------- [2023-01-30 12:08:18]
shutdown-task-run: shutdown-launchd(监听键盘鼠标任务|关机)
shutdown-task-run: shutdown-launchd(关机中...)
gpu-task-run: gpu-launchd(关机|任务关闭)
My-Launchd-Logs: -------------------------- [END]

gpu-task-run: gpu-launchd(开机|任务启动)
My-Launchd-Logs: -------------------------- [2023-01-31 08:00:24]
shutdown-task-run: shutdown-launchd(监听键盘鼠标任务|关机)
shutdown-task-run: shutdown-launchd(关机中...)
gpu-task-run: gpu-launchd(关机|任务关闭)
My-Launchd-Logs: -------------------------- [END]

gpu-task-run: gpu-launchd(开机|任务启动)
My-Launchd-Logs: -------------------------- [2023-01-31 11:49:05]
shutdown-task-run: shutdown-launchd(监听键盘鼠标任务|关机)
shutdown-task-run: shutdown-launchd(关机中...)
gpu-task-run: gpu-launchd(关机|任务关闭)
My-Launchd-Logs: -------------------------- [END]

My-Launchd-Logs: -------------------------- [2023-01-31 14:50:38]
shutdown-task-run: shutdown-launchd(监听键盘鼠标任务|关机)
gpu-task-run: gpu-launchd(开机|任务启动)
gpu-task-run: gpu-launchd(关机|任务关闭)
My-Launchd-Logs: -------------------------- [END]

My-Launchd-Logs: -------------------------- [2023-02-01 09:22:08]
shutdown-task-run: shutdown-launchd(监听键盘鼠标任务|关机)
gpu-task-run: gpu-launchd(开机|任务启动)
gpu-task-run: gpu-launchd(关机|任务关闭)
My-Launchd-Logs: -------------------------- [END]

gpu-task-run: gpu-launchd(开机|任务启动)
My-Launchd-Logs: -------------------------- [2023-02-02 07:51:28]
shutdown-task-run: shutdown-launchd(监听键盘鼠标任务|关机)
gpu-task-run: gpu-launchd(关机|任务关闭)
My-Launchd-Logs: -------------------------- [END]

gpu-task-run: gpu-launchd(开机|任务启动)
My-Launchd-Logs: -------------------------- [2023-02-03 08:23:11]
shutdown-task-run: shutdown-launchd(监听键盘鼠标任务|关机)
shutdown-task-run: shutdown-launchd(关机中...)
gpu-task-run: gpu-launchd(关机|任务关闭)
My-Launchd-Logs: -------------------------- [END]

My-Launchd-Logs: -------------------------- [2023-02-03 14:34:38]
shutdown-task-run: shutdown-launchd(监听键盘鼠标任务|关机)
gpu-task-run: gpu-launchd(开机|任务启动)
gpu-task-run: gpu-launchd(关机|任务关闭)
My-Launchd-Logs: -------------------------- [END]

gpu-task-run: gpu-launchd(开机|任务启动)
My-Launchd-Logs: -------------------------- [2023-02-04 09:06:16]
shutdown-task-run: shutdown-launchd(监听键盘鼠标任务|关机)
gpu-task-run: gpu-launchd(关机|任务关闭)
My-Launchd-Logs: -------------------------- [END]

gpu-task-run: gpu-launchd(开机|任务启动)
My-Launchd-Logs: -------------------------- [2023-02-04 20:42:38]
shutdown-task-run: shutdown-launchd(监听键盘鼠标任务|关机)
gpu-task-run: gpu-launchd(关机|任务关闭)
My-Launchd-Logs: -------------------------- [END]

My-Launchd-Logs: -------------------------- [2023-02-05 09:36:47]
shutdown-task-run: shutdown-launchd(监听键盘鼠标任务|关机)
gpu-task-run: gpu-launchd(开机|任务启动)
shutdown-task-run: shutdown-launchd(关机中...)
gpu-task-run: gpu-launchd(关机|任务关闭)
My-Launchd-Logs: -------------------------- [END]

gpu-task-run: gpu-launchd(开机|任务启动)
My-Launchd-Logs: -------------------------- [2023-02-05 12:28:27]
shutdown-task-run: shutdown-launchd(监听键盘鼠标任务|关机)
gpu-task-run: gpu-launchd(关机|任务关闭)
My-Launchd-Logs: -------------------------- [END]

gpu-task-run: gpu-launchd(开机|任务启动)
My-Launchd-Logs: -------------------------- [2023-02-06 12:06:19]
shutdown-task-run: shutdown-launchd(监听键盘鼠标任务|关机)
gpu-task-run: gpu-launchd(关机|任务关闭)
My-Launchd-Logs: -------------------------- [END]

My-Launchd-Logs: -------------------------- [2023-02-07 13:22:45]
shutdown-task-run: shutdown-launchd(监听键盘鼠标任务|关机)
gpu-task-run: gpu-launchd(开机|任务启动)
gpu-task-run: gpu-launchd(关机|任务关闭)
My-Launchd-Logs: -------------------------- [END]

My-Launchd-Logs: -------------------------- [2023-02-08 13:12:53]
shutdown-task-run: shutdown-launchd(监听键盘鼠标任务|关机)
gpu-task-run: gpu-launchd(开机|任务启动)
gpu-task-run: gpu-launchd(关机|任务关闭)
My-Launchd-Logs: -------------------------- [END]

My-Launchd-Logs: -------------------------- [2023-02-09 12:50:51]
shutdown-task-run: shutdown-launchd(监听键盘鼠标任务|关机)
gpu-task-run: gpu-launchd(开机|任务启动)
gpu-task-run: gpu-launchd(关机|任务关闭)
My-Launchd-Logs: -------------------------- [END]

My-Launchd-Logs: -------------------------- [2023-02-11 12:28:11]
shutdown-task-run: shutdown-launchd(监听键盘鼠标任务|关机)
gpu-task-run: gpu-launchd(开机|任务启动)
shutdown-task-run: shutdown-launchd(关机中...)
gpu-task-run: gpu-launchd(关机|任务关闭)
My-Launchd-Logs: -------------------------- [END]

gpu-task-run: gpu-launchd(开机|任务启动)
My-Launchd-Logs: -------------------------- [2023-02-11 14:26:14]
shutdown-task-run: shutdown-launchd(监听键盘鼠标任务|关机)
gpu-task-run: gpu-launchd(关机|任务关闭)
My-Launchd-Logs: -------------------------- [END]

gpu-task-run: gpu-launchd(开机|任务启动)
My-Launchd-Logs: -------------------------- [2023-02-11 18:36:52]
shutdown-task-run: shutdown-launchd(监听键盘鼠标任务|关机)
shutdown-task-run: shutdown-launchd(关机中...)
gpu-task-run: gpu-launchd(关机|任务关闭)
My-Launchd-Logs: -------------------------- [END]

gpu-task-run: gpu-launchd(开机|任务启动)
My-Launchd-Logs: -------------------------- [2023-02-12 08:55:54]
shutdown-task-run: shutdown-launchd(监听键盘鼠标任务|关机)
shutdown-task-run: shutdown-launchd(关机中...)
gpu-task-run: gpu-launchd(关机|任务关闭)
My-Launchd-Logs: -------------------------- [END]

gpu-task-run: gpu-launchd(开机|任务启动)
My-Launchd-Logs: -------------------------- [2023-02-13 09:48:53]
shutdown-task-run: shutdown-launchd(监听键盘鼠标任务|关机)
shutdown-task-run: shutdown-launchd(关机中...)
gpu-task-run: gpu-launchd(关机|任务关闭)
My-Launchd-Logs: -------------------------- [END]

gpu-task-run: gpu-launchd(开机|任务启动)
My-Launchd-Logs: -------------------------- [2023-02-13 14:23:04]
shutdown-task-run: shutdown-launchd(监听键盘鼠标任务|关机)
shutdown-task-run: shutdown-launchd(关机中...)
gpu-task-run: gpu-launchd(关机|任务关闭)
My-Launchd-Logs: -------------------------- [END]

gpu-task-run: gpu-launchd(开机|任务启动)
My-Launchd-Logs: -------------------------- [2023-02-13 15:35:56]
shutdown-task-run: shutdown-launchd(监听键盘鼠标任务|关机)
shutdown-task-run: shutdown-launchd(关机中...)
gpu-task-run: gpu-launchd(关机|任务关闭)
My-Launchd-Logs: -------------------------- [END]

gpu-task-run: gpu-launchd(开机|任务启动)
My-Launchd-Logs: -------------------------- [2023-02-13 17:56:36]
shutdown-task-run: shutdown-launchd(监听键盘鼠标任务|关机)
gpu-task-run: gpu-launchd(关机|任务关闭)
My-Launchd-Logs: -------------------------- [END]

gpu-task-run: gpu-launchd(开机|任务启动)
My-Launchd-Logs: -------------------------- [2023-02-14 09:04:58]
shutdown-task-run: shutdown-launchd(监听键盘鼠标任务|关机)
shutdown-task-run: shutdown-launchd(关机中...)
gpu-task-run: gpu-launchd(关机|任务关闭)
My-Launchd-Logs: -------------------------- [END]

gpu-task-run: gpu-launchd(开机|任务启动)
My-Launchd-Logs: -------------------------- [2023-02-14 13:27:30]
shutdown-task-run: shutdown-launchd(监听键盘鼠标任务|关机)
shutdown-task-run: shutdown-launchd(关机中...)
gpu-task-run: gpu-launchd(关机|任务关闭)
My-Launchd-Logs: -------------------------- [END]

My-Launchd-Logs: -------------------------- [2023-02-14 14:00:18]
shutdown-task-run: shutdown-launchd(监听键盘鼠标任务|关机)
gpu-task-run: gpu-launchd(开机|任务启动)
shutdown-task-run: shutdown-launchd(关机中...)
gpu-task-run: gpu-launchd(关机|任务关闭)
My-Launchd-Logs: -------------------------- [END]

gpu-task-run: gpu-launchd(开机|任务启动)
My-Launchd-Logs: -------------------------- [2023-02-15 12:41:17]
shutdown-task-run: shutdown-launchd(监听键盘鼠标任务|关机)
shutdown-task-run: shutdown-launchd(关机中...)
gpu-task-run: gpu-launchd(关机|任务关闭)
My-Launchd-Logs: -------------------------- [END]

My-Launchd-Logs: -------------------------- [2023-02-16 09:12:21]
shutdown-task-run: shutdown-launchd(监听键盘鼠标任务|关机)
gpu-task-run: gpu-launchd(开机|任务启动)
gpu-task-run: gpu-launchd(关机|任务关闭)
My-Launchd-Logs: -------------------------- [END]

gpu-task-run: gpu-launchd(开机|任务启动)
My-Launchd-Logs: -------------------------- [2023-02-16 19:04:25]
shutdown-task-run: shutdown-launchd(监听键盘鼠标任务|关机)
gpu-task-run: gpu-launchd(关机|任务关闭)
My-Launchd-Logs: -------------------------- [END]

My-Launchd-Logs: -------------------------- [2023-02-17 09:32:39]
shutdown-task-run: shutdown-launchd(监听键盘鼠标任务|关机)
gpu-task-run: gpu-launchd(开机|任务启动)
shutdown-task-run: shutdown-launchd(关机中...)
gpu-task-run: gpu-launchd(关机|任务关闭)
My-Launchd-Logs: -------------------------- [END]

My-Launchd-Logs: -------------------------- [2023-02-17 09:38:19]
shutdown-task-run: shutdown-launchd(监听键盘鼠标任务|关机)
gpu-task-run: gpu-launchd(开机|任务启动)
shutdown-task-run: shutdown-launchd(关机中...)
gpu-task-run: gpu-launchd(关机|任务关闭)
My-Launchd-Logs: -------------------------- [END]

gpu-task-run: gpu-launchd(开机|任务启动)
My-Launchd-Logs: -------------------------- [2023-02-17 10:41:34]
shutdown-task-run: shutdown-launchd(监听键盘鼠标任务|关机)
shutdown-task-run: shutdown-launchd(关机中...)
gpu-task-run: gpu-launchd(关机|任务关闭)
My-Launchd-Logs: -------------------------- [END]

gpu-task-run: gpu-launchd(开机|任务启动)
My-Launchd-Logs: -------------------------- [2023-02-17 17:33:18]
shutdown-task-run: shutdown-launchd(监听键盘鼠标任务|关机)
gpu-task-run: gpu-launchd(关机|任务关闭)
My-Launchd-Logs: -------------------------- [END]

My-Launchd-Logs: -------------------------- [2023-02-18 09:30:01]
shutdown-task-run: shutdown-launchd(监听键盘鼠标任务|关机)
gpu-task-run: gpu-launchd(开机|任务启动)
shutdown-task-run: shutdown-launchd(关机中...)
gpu-task-run: gpu-launchd(关机|任务关闭)
My-Launchd-Logs: -------------------------- [END]

gpu-task-run: gpu-launchd(开机|任务启动)
My-Launchd-Logs: -------------------------- [2023-02-18 12:51:15]
shutdown-task-run: shutdown-launchd(监听键盘鼠标任务|关机)
shutdown-task-run: shutdown-launchd(关机中...)
gpu-task-run: gpu-launchd(关机|任务关闭)
My-Launchd-Logs: -------------------------- [END]

gpu-task-run: gpu-launchd(开机|任务启动)
My-Launchd-Logs: -------------------------- [2023-02-18 18:53:28]
shutdown-task-run: shutdown-launchd(监听键盘鼠标任务|关机)
shutdown-task-run: shutdown-launchd(关机中...)
gpu-task-run: gpu-launchd(关机|任务关闭)
My-Launchd-Logs: -------------------------- [END]

gpu-task-run: gpu-launchd(开机|任务启动)
My-Launchd-Logs: -------------------------- [2023-02-19 07:25:02]
shutdown-task-run: shutdown-launchd(监听键盘鼠标任务|关机)
shutdown-task-run: shutdown-launchd(关机中...)
gpu-task-run: gpu-launchd(关机|任务关闭)
My-Launchd-Logs: -------------------------- [END]

My-Launchd-Logs: -------------------------- [2023-02-19 12:18:03]
shutdown-task-run: shutdown-launchd(监听键盘鼠标任务|关机)
gpu-task-run: gpu-launchd(开机|任务启动)
shutdown-task-run: shutdown-launchd(关机中...)
gpu-task-run: gpu-launchd(关机|任务关闭)
My-Launchd-Logs: -------------------------- [END]

gpu-task-run: gpu-launchd(开机|任务启动)
My-Launchd-Logs: -------------------------- [2023-02-19 15:45:16]
shutdown-task-run: shutdown-launchd(监听键盘鼠标任务|关机)
shutdown-task-run: shutdown-launchd(关机中...)
gpu-task-run: gpu-launchd(关机|任务关闭)
My-Launchd-Logs: -------------------------- [END]

gpu-task-run: gpu-launchd(开机|任务启动)
My-Launchd-Logs: -------------------------- [2023-02-19 18:08:22]
shutdown-task-run: shutdown-launchd(监听键盘鼠标任务|关机)
gpu-task-run: gpu-launchd(关机|任务关闭)
My-Launchd-Logs: -------------------------- [END]

My-Launchd-Logs: -------------------------- [2023-02-20 08:41:07]
shutdown-task-run: shutdown-launchd(监听键盘鼠标任务|关机)
gpu-task-run: gpu-launchd(开机|任务启动)
shutdown-task-run: shutdown-launchd(关机中...)
gpu-task-run: gpu-launchd(关机|任务关闭)
My-Launchd-Logs: -------------------------- [END]

gpu-task-run: gpu-launchd(开机|任务启动)
My-Launchd-Logs: -------------------------- [2023-02-20 11:01:16]
shutdown-task-run: shutdown-launchd(监听键盘鼠标任务|关机)
shutdown-task-run: shutdown-launchd(关机中...)
gpu-task-run: gpu-launchd(关机|任务关闭)
My-Launchd-Logs: -------------------------- [END]

gpu-task-run: gpu-launchd(开机|任务启动)
My-Launchd-Logs: -------------------------- [2023-02-20 19:14:08]
shutdown-task-run: shutdown-launchd(监听键盘鼠标任务|关机)
gpu-task-run: gpu-launchd(关机|任务关闭)
My-Launchd-Logs: -------------------------- [END]

My-Launchd-Logs: -------------------------- [2023-02-21 09:12:08]
shutdown-task-run: shutdown-launchd(监听键盘鼠标任务|关机)
gpu-task-run: gpu-launchd(开机|任务启动)
shutdown-task-run: shutdown-launchd(关机中...)
gpu-task-run: gpu-launchd(关机|任务关闭)
My-Launchd-Logs: -------------------------- [END]

gpu-task-run: gpu-launchd(开机|任务启动)
My-Launchd-Logs: -------------------------- [2023-02-21 14:06:37]
shutdown-task-run: shutdown-launchd(监听键盘鼠标任务|关机)
shutdown-task-run: shutdown-launchd(关机中...)
gpu-task-run: gpu-launchd(关机|任务关闭)
My-Launchd-Logs: -------------------------- [END]

gpu-task-run: gpu-launchd(开机|任务启动)
My-Launchd-Logs: -------------------------- [2023-02-21 15:24:45]
shutdown-task-run: shutdown-launchd(监听键盘鼠标任务|关机)
gpu-task-run: gpu-launchd(关机|任务关闭)
My-Launchd-Logs: -------------------------- [END]

gpu-task-run: gpu-launchd(开机|任务启动)
My-Launchd-Logs: -------------------------- [2023-02-22 08:05:40]
shutdown-task-run: shutdown-launchd(监听键盘鼠标任务|关机)
shutdown-task-run: shutdown-launchd(关机中...)
gpu-task-run: gpu-launchd(关机|任务关闭)
My-Launchd-Logs: -------------------------- [END]

gpu-task-run: gpu-launchd(开机|任务启动)
My-Launchd-Logs: -------------------------- [2023-02-22 11:57:42]
shutdown-task-run: shutdown-launchd(监听键盘鼠标任务|关机)
shutdown-task-run: shutdown-launchd(关机中...)
gpu-task-run: gpu-launchd(关机|任务关闭)
My-Launchd-Logs: -------------------------- [END]

gpu-task-run: gpu-launchd(开机|任务启动)
My-Launchd-Logs: -------------------------- [2023-02-22 13:26:37]
shutdown-task-run: shutdown-launchd(监听键盘鼠标任务|关机)
shutdown-task-run: shutdown-launchd(关机中...)
gpu-task-run: gpu-launchd(关机|任务关闭)
My-Launchd-Logs: -------------------------- [END]

gpu-task-run: gpu-launchd(开机|任务启动)
My-Launchd-Logs: -------------------------- [2023-02-22 19:44:20]
shutdown-task-run: shutdown-launchd(监听键盘鼠标任务|关机)
gpu-task-run: gpu-launchd(关机|任务关闭)
My-Launchd-Logs: -------------------------- [END]

gpu-task-run: gpu-launchd(开机|任务启动)
My-Launchd-Logs: -------------------------- [2023-02-23 08:13:15]
shutdown-task-run: shutdown-launchd(监听键盘鼠标任务|关机)
shutdown-task-run: shutdown-launchd(关机中...)
gpu-task-run: gpu-launchd(关机|任务关闭)
My-Launchd-Logs: -------------------------- [END]

gpu-task-run: gpu-launchd(开机|任务启动)
My-Launchd-Logs: -------------------------- [2023-02-23 08:33:01]
shutdown-task-run: shutdown-launchd(监听键盘鼠标任务|关机)
shutdown-task-run: shutdown-launchd(关机中...)
gpu-task-run: gpu-launchd(关机|任务关闭)
My-Launchd-Logs: -------------------------- [END]

My-Launchd-Logs: -------------------------- [2023-02-23 14:08:33]
shutdown-task-run: shutdown-launchd(监听键盘鼠标任务|关机)
gpu-task-run: gpu-launchd(开机|任务启动)
gpu-task-run: gpu-launchd(关机|任务关闭)
My-Launchd-Logs: -------------------------- [END]

My-Launchd-Logs: -------------------------- [2023-02-23 18:54:01]
shutdown-task-run: shutdown-launchd(监听键盘鼠标任务|关机)
gpu-task-run: gpu-launchd(开机|任务启动)
gpu-task-run: gpu-launchd(关机|任务关闭)
My-Launchd-Logs: -------------------------- [END]

gpu-task-run: gpu-launchd(开机|任务启动)
My-Launchd-Logs: -------------------------- [2023-02-24 08:34:04]
shutdown-task-run: shutdown-launchd(监听键盘鼠标任务|关机)
shutdown-task-run: shutdown-launchd(关机中...)
gpu-task-run: gpu-launchd(关机|任务关闭)
My-Launchd-Logs: -------------------------- [END]

gpu-task-run: gpu-launchd(开机|任务启动)
My-Launchd-Logs: -------------------------- [2023-02-24 13:42:45]
shutdown-task-run: shutdown-launchd(监听键盘鼠标任务|关机)
shutdown-task-run: shutdown-launchd(关机中...)
gpu-task-run: gpu-launchd(关机|任务关闭)
My-Launchd-Logs: -------------------------- [END]

My-Launchd-Logs: -------------------------- [2023-02-24 19:25:07]
shutdown-task-run: shutdown-launchd(监听键盘鼠标任务|关机)
gpu-task-run: gpu-launchd(开机|任务启动)
shutdown-task-run: shutdown-launchd(关机中...)
gpu-task-run: gpu-launchd(关机|任务关闭)
My-Launchd-Logs: -------------------------- [END]

gpu-task-run: gpu-launchd(开机|任务启动)
My-Launchd-Logs: -------------------------- [2023-02-25 15:39:49]
shutdown-task-run: shutdown-launchd(监听键盘鼠标任务|关机)
shutdown-task-run: shutdown-launchd(关机中...)
gpu-task-run: gpu-launchd(关机|任务关闭)
My-Launchd-Logs: -------------------------- [END]

gpu-task-run: gpu-launchd(开机|任务启动)
My-Launchd-Logs: -------------------------- [2023-02-25 18:03:47]
shutdown-task-run: shutdown-launchd(监听键盘鼠标任务|关机)
gpu-task-run: gpu-launchd(关机|任务关闭)
My-Launchd-Logs: -------------------------- [END]

gpu-task-run: gpu-launchd(开机|任务启动)
My-Launchd-Logs: -------------------------- [2023-02-26 07:45:35]
shutdown-task-run: shutdown-launchd(监听键盘鼠标任务|关机)
shutdown-task-run: shutdown-launchd(关机中...)
gpu-task-run: gpu-launchd(关机|任务关闭)
My-Launchd-Logs: -------------------------- [END]

gpu-task-run: gpu-launchd(开机|任务启动)
My-Launchd-Logs: -------------------------- [2023-02-26 11:59:00]
shutdown-task-run: shutdown-launchd(监听键盘鼠标任务|关机)
shutdown-task-run: shutdown-launchd(关机中...)
gpu-task-run: gpu-launchd(关机|任务关闭)
My-Launchd-Logs: -------------------------- [END]

My-Launchd-Logs: -------------------------- [2023-02-26 14:26:49]
shutdown-task-run: shutdown-launchd(监听键盘鼠标任务|关机)
gpu-task-run: gpu-launchd(开机|任务启动)
shutdown-task-run: shutdown-launchd(关机中...)
gpu-task-run: gpu-launchd(关机|任务关闭)
My-Launchd-Logs: -------------------------- [END]

gpu-task-run: gpu-launchd(开机|任务启动)
My-Launchd-Logs: -------------------------- [2023-02-26 17:51:32]
shutdown-task-run: shutdown-launchd(监听键盘鼠标任务|关机)
gpu-task-run: gpu-launchd(关机|任务关闭)
My-Launchd-Logs: -------------------------- [END]

My-Launchd-Logs: -------------------------- [2023-02-27 15:09:48]
shutdown-task-run: shutdown-launchd(监听键盘鼠标任务|关机)
gpu-task-run: gpu-launchd(开机|任务启动)
shutdown-task-run: shutdown-launchd(关机中...)
gpu-task-run: gpu-launchd(关机|任务关闭)
My-Launchd-Logs: -------------------------- [END]

My-Launchd-Logs: -------------------------- [2023-02-27 15:53:55]
shutdown-task-run: shutdown-launchd(监听键盘鼠标任务|关机)
gpu-task-run: gpu-launchd(开机|任务启动)
gpu-task-run: gpu-launchd(关机|任务关闭)
My-Launchd-Logs: -------------------------- [END]

My-Launchd-Logs: -------------------------- [2023-02-27 20:47:37]
shutdown-task-run: shutdown-launchd(监听键盘鼠标任务|关机)
gpu-task-run: gpu-launchd(开机|任务启动)
gpu-task-run: gpu-launchd(关机|任务关闭)
My-Launchd-Logs: -------------------------- [END]

gpu-task-run: gpu-launchd(开机|任务启动)
My-Launchd-Logs: -------------------------- [2023-02-28 18:25:58]
shutdown-task-run: shutdown-launchd(监听键盘鼠标任务|关机)
gpu-task-run: gpu-launchd(关机|任务关闭)
My-Launchd-Logs: -------------------------- [END]

gpu-task-run: gpu-launchd(开机|任务启动)
My-Launchd-Logs: -------------------------- [2023-03-01 11:59:21]
shutdown-task-run: shutdown-launchd(监听键盘鼠标任务|关机)
gpu-task-run: gpu-launchd(关机|任务关闭)
My-Launchd-Logs: -------------------------- [END]

gpu-task-run: gpu-launchd(开机|任务启动)
My-Launchd-Logs: -------------------------- [2023-03-01 18:36:14]
shutdown-task-run: shutdown-launchd(监听键盘鼠标任务|关机)
gpu-task-run: gpu-launchd(关机|任务关闭)
My-Launchd-Logs: -------------------------- [END]

gpu-task-run: gpu-launchd(开机|任务启动)
My-Launchd-Logs: -------------------------- [2023-03-03 08:23:07]
shutdown-task-run: shutdown-launchd(监听键盘鼠标任务|关机)
shutdown-task-run: shutdown-launchd(关机中...)
gpu-task-run: gpu-launchd(关机|任务关闭)
My-Launchd-Logs: -------------------------- [END]

gpu-task-run: gpu-launchd(开机|任务启动)
My-Launchd-Logs: -------------------------- [2023-03-03 08:33:13]
shutdown-task-run: shutdown-launchd(监听键盘鼠标任务|关机)
shutdown-task-run: shutdown-launchd(关机中...)
gpu-task-run: gpu-launchd(关机|任务关闭)
My-Launchd-Logs: -------------------------- [END]

gpu-task-run: gpu-launchd(开机|任务启动)
My-Launchd-Logs: -------------------------- [2023-03-03 11:40:19]
shutdown-task-run: shutdown-launchd(监听键盘鼠标任务|关机)
gpu-task-run: gpu-launchd(关机|任务关闭)
My-Launchd-Logs: -------------------------- [END]

gpu-task-run: gpu-launchd(开机|任务启动)
My-Launchd-Logs: -------------------------- [2023-03-03 15:41:07]
shutdown-task-run: shutdown-launchd(监听键盘鼠标任务|关机)
shutdown-task-run: shutdown-launchd(关机中...)
gpu-task-run: gpu-launchd(关机|任务关闭)
My-Launchd-Logs: -------------------------- [END]

gpu-task-run: gpu-launchd(开机|任务启动)
My-Launchd-Logs: -------------------------- [2023-03-03 16:24:29]
shutdown-task-run: shutdown-launchd(监听键盘鼠标任务|关机)
gpu-task-run: gpu-launchd(关机|任务关闭)
My-Launchd-Logs: -------------------------- [END]

gpu-task-run: gpu-launchd(开机|任务启动)
My-Launchd-Logs: -------------------------- [2023-03-04 08:49:38]
shutdown-task-run: shutdown-launchd(监听键盘鼠标任务|关机)
shutdown-task-run: shutdown-launchd(关机中...)
gpu-task-run: gpu-launchd(关机|任务关闭)
My-Launchd-Logs: -------------------------- [END]

gpu-task-run: gpu-launchd(开机|任务启动)
My-Launchd-Logs: -------------------------- [2023-03-04 12:55:14]
shutdown-task-run: shutdown-launchd(监听键盘鼠标任务|关机)
shutdown-task-run: shutdown-launchd(关机中...)
gpu-task-run: gpu-launchd(关机|任务关闭)
My-Launchd-Logs: -------------------------- [END]

gpu-task-run: gpu-launchd(开机|任务启动)
My-Launchd-Logs: -------------------------- [2023-03-04 17:15:52]
shutdown-task-run: shutdown-launchd(监听键盘鼠标任务|关机)
gpu-task-run: gpu-launchd(关机|任务关闭)
My-Launchd-Logs: -------------------------- [END]

gpu-task-run: gpu-launchd(开机|任务启动)
My-Launchd-Logs: -------------------------- [2023-03-05 08:20:51]
shutdown-task-run: shutdown-launchd(监听键盘鼠标任务|关机)
shutdown-task-run: shutdown-launchd(关机中...)
gpu-task-run: gpu-launchd(关机|任务关闭)
My-Launchd-Logs: -------------------------- [END]

gpu-task-run: gpu-launchd(开机|任务启动)
My-Launchd-Logs: -------------------------- [2023-03-05 14:27:42]
shutdown-task-run: shutdown-launchd(监听键盘鼠标任务|关机)
gpu-task-run: gpu-launchd(关机|任务关闭)
My-Launchd-Logs: -------------------------- [END]

gpu-task-run: gpu-launchd(开机|任务启动)
My-Launchd-Logs: -------------------------- [2023-03-06 07:29:51]
shutdown-task-run: shutdown-launchd(监听键盘鼠标任务|关机)
shutdown-task-run: shutdown-launchd(关机中...)
gpu-task-run: gpu-launchd(关机|任务关闭)
My-Launchd-Logs: -------------------------- [END]

gpu-task-run: gpu-launchd(开机|任务启动)
My-Launchd-Logs: -------------------------- [2023-03-06 14:35:08]
shutdown-task-run: shutdown-launchd(监听键盘鼠标任务|关机)
gpu-task-run: gpu-launchd(关机|任务关闭)
My-Launchd-Logs: -------------------------- [END]

gpu-task-run: gpu-launchd(开机|任务启动)
My-Launchd-Logs: -------------------------- [2023-03-07 08:31:33]
shutdown-task-run: shutdown-launchd(监听键盘鼠标任务|关机)
gpu-task-run: gpu-launchd(关机|任务关闭)
My-Launchd-Logs: -------------------------- [END]

My-Launchd-Logs: -------------------------- [2023-03-08 07:35:54]
shutdown-task-run: shutdown-launchd(监听键盘鼠标任务|关机)
gpu-task-run: gpu-launchd(开机|任务启动)
gpu-task-run: gpu-launchd(关机|任务关闭)
My-Launchd-Logs: -------------------------- [END]

gpu-task-run: gpu-launchd(开机|任务启动)
My-Launchd-Logs: -------------------------- [2023-03-08 12:33:36]
shutdown-task-run: shutdown-launchd(监听键盘鼠标任务|关机)
gpu-task-run: gpu-launchd(关机|任务关闭)
My-Launchd-Logs: -------------------------- [END]

My-Launchd-Logs: -------------------------- [2023-03-08 16:00:35]
shutdown-task-run: shutdown-launchd(监听键盘鼠标任务|关机)
gpu-task-run: gpu-launchd(开机|任务启动)
shutdown-task-run: shutdown-launchd(关机中...)
gpu-task-run: gpu-launchd(关机|任务关闭)
My-Launchd-Logs: -------------------------- [END]

My-Launchd-Logs: -------------------------- [2023-03-08 19:33:23]
shutdown-task-run: shutdown-launchd(监听键盘鼠标任务|关机)
gpu-task-run: gpu-launchd(开机|任务启动)
shutdown-task-run: shutdown-launchd(关机中...)
gpu-task-run: gpu-launchd(关机|任务关闭)
My-Launchd-Logs: -------------------------- [END]

gpu-task-run: gpu-launchd(开机|任务启动)
My-Launchd-Logs: -------------------------- [2023-03-08 20:15:57]
shutdown-task-run: shutdown-launchd(监听键盘鼠标任务|关机)
gpu-task-run: gpu-launchd(关机|任务关闭)
My-Launchd-Logs: -------------------------- [END]

gpu-task-run: gpu-launchd(开机|任务启动)
My-Launchd-Logs: -------------------------- [2023-03-09 07:49:36]
shutdown-task-run: shutdown-launchd(监听键盘鼠标任务|关机)
shutdown-task-run: shutdown-launchd(关机中...)
gpu-task-run: gpu-launchd(关机|任务关闭)
My-Launchd-Logs: -------------------------- [END]

gpu-task-run: gpu-launchd(开机|任务启动)
My-Launchd-Logs: -------------------------- [2023-03-09 12:38:42]
shutdown-task-run: shutdown-launchd(监听键盘鼠标任务|关机)
gpu-task-run: gpu-launchd(关机|任务关闭)
My-Launchd-Logs: -------------------------- [END]

gpu-task-run: gpu-launchd(开机|任务启动)
My-Launchd-Logs: -------------------------- [2023-03-09 18:37:33]
shutdown-task-run: shutdown-launchd(监听键盘鼠标任务|关机)
gpu-task-run: gpu-launchd(关机|任务关闭)
My-Launchd-Logs: -------------------------- [END]

gpu-task-run: gpu-launchd(开机|任务启动)
My-Launchd-Logs: -------------------------- [2023-03-10 07:17:24]
shutdown-task-run: shutdown-launchd(监听键盘鼠标任务|关机)
shutdown-task-run: shutdown-launchd(关机中...)
gpu-task-run: gpu-launchd(关机|任务关闭)
My-Launchd-Logs: -------------------------- [END]

gpu-task-run: gpu-launchd(开机|任务启动)
My-Launchd-Logs: -------------------------- [2023-03-10 17:35:14]
shutdown-task-run: shutdown-launchd(监听键盘鼠标任务|关机)
gpu-task-run: gpu-launchd(关机|任务关闭)
My-Launchd-Logs: -------------------------- [END]

My-Launchd-Logs: -------------------------- [2023-03-11 07:48:27]
shutdown-task-run: shutdown-launchd(监听键盘鼠标任务|关机)
gpu-task-run: gpu-launchd(开机|任务启动)
gpu-task-run: gpu-launchd(关机|任务关闭)
My-Launchd-Logs: -------------------------- [END]

gpu-task-run: gpu-launchd(开机|任务启动)
My-Launchd-Logs: -------------------------- [2023-03-12 08:09:11]
shutdown-task-run: shutdown-launchd(监听键盘鼠标任务|关机)
gpu-task-run: gpu-launchd(关机|任务关闭)
My-Launchd-Logs: -------------------------- [END]

My-Launchd-Logs: -------------------------- [2023-03-13 08:00:15]
shutdown-task-run: shutdown-launchd(监听键盘鼠标任务|关机)
gpu-task-run: gpu-launchd(开机|任务启动)
shutdown-task-run: shutdown-launchd(关机中...)
gpu-task-run: gpu-launchd(关机|任务关闭)
My-Launchd-Logs: -------------------------- [END]

gpu-task-run: gpu-launchd(开机|任务启动)
My-Launchd-Logs: -------------------------- [2023-03-13 11:19:53]
shutdown-task-run: shutdown-launchd(监听键盘鼠标任务|关机)
gpu-task-run: gpu-launchd(关机|任务关闭)
My-Launchd-Logs: -------------------------- [END]

gpu-task-run: gpu-launchd(开机|任务启动)
My-Launchd-Logs: -------------------------- [2023-03-13 15:20:17]
shutdown-task-run: shutdown-launchd(监听键盘鼠标任务|关机)
gpu-task-run: gpu-launchd(关机|任务关闭)
My-Launchd-Logs: -------------------------- [END]

gpu-task-run: gpu-launchd(开机|任务启动)
My-Launchd-Logs: -------------------------- [2023-03-14 07:13:57]
shutdown-task-run: shutdown-launchd(监听键盘鼠标任务|关机)
gpu-task-run: gpu-launchd(关机|任务关闭)
My-Launchd-Logs: -------------------------- [END]

gpu-task-run: gpu-launchd(开机|任务启动)
My-Launchd-Logs: -------------------------- [2023-03-17 08:07:50]
shutdown-task-run: shutdown-launchd(监听键盘鼠标任务|关机)
gpu-task-run: gpu-launchd(关机|任务关闭)
My-Launchd-Logs: -------------------------- [END]

My-Launchd-Logs: -------------------------- [2023-03-17 19:03:50]
shutdown-task-run: shutdown-launchd(监听键盘鼠标任务|关机)
gpu-task-run: gpu-launchd(开机|任务启动)
gpu-task-run: gpu-launchd(关机|任务关闭)
My-Launchd-Logs: -------------------------- [END]

gpu-task-run: gpu-launchd(开机|任务启动)
My-Launchd-Logs: -------------------------- [2023-03-18 08:52:30]
shutdown-task-run: shutdown-launchd(监听键盘鼠标任务|关机)
gpu-task-run: gpu-launchd(关机|任务关闭)
My-Launchd-Logs: -------------------------- [END]

gpu-task-run: gpu-launchd(开机|任务启动)
My-Launchd-Logs: -------------------------- [2023-03-19 07:59:28]
shutdown-task-run: shutdown-launchd(监听键盘鼠标任务|关机)
gpu-task-run: gpu-launchd(关机|任务关闭)
My-Launchd-Logs: -------------------------- [END]

gpu-task-run: gpu-launchd(开机|任务启动)
My-Launchd-Logs: -------------------------- [2023-03-19 18:48:37]
shutdown-task-run: shutdown-launchd(监听键盘鼠标任务|关机)
gpu-task-run: gpu-launchd(关机|任务关闭)
My-Launchd-Logs: -------------------------- [END]

gpu-task-run: gpu-launchd(开机|任务启动)
My-Launchd-Logs: -------------------------- [2023-03-20 07:56:52]
shutdown-task-run: shutdown-launchd(监听键盘鼠标任务|关机)
gpu-task-run: gpu-launchd(关机|任务关闭)
My-Launchd-Logs: -------------------------- [END]

My-Launchd-Logs: -------------------------- [2023-03-20 11:24:34]
shutdown-task-run: shutdown-launchd(监听键盘鼠标任务|关机)
gpu-task-run: gpu-launchd(开机|任务启动)
gpu-task-run: gpu-launchd(关机|任务关闭)
My-Launchd-Logs: -------------------------- [END]

gpu-task-run: gpu-launchd(开机|任务启动)
My-Launchd-Logs: -------------------------- [2023-03-20 12:42:52]
shutdown-task-run: shutdown-launchd(监听键盘鼠标任务|关机)
shutdown-task-run: shutdown-launchd(关机中...)
gpu-task-run: gpu-launchd(关机|任务关闭)
My-Launchd-Logs: -------------------------- [END]

My-Launchd-Logs: -------------------------- [2023-03-20 18:28:56]
shutdown-task-run: shutdown-launchd(监听键盘鼠标任务|关机)
gpu-task-run: gpu-launchd(开机|任务启动)
gpu-task-run: gpu-launchd(关机|任务关闭)
My-Launchd-Logs: -------------------------- [END]

My-Launchd-Logs: -------------------------- [2023-03-21 07:52:45]
shutdown-task-run: shutdown-launchd(监听键盘鼠标任务|关机)
gpu-task-run: gpu-launchd(开机|任务启动)
shutdown-task-run: shutdown-launchd(关机中...)
gpu-task-run: gpu-launchd(关机|任务关闭)
My-Launchd-Logs: -------------------------- [END]

gpu-task-run: gpu-launchd(开机|任务启动)
My-Launchd-Logs: -------------------------- [2023-03-21 18:59:08]
shutdown-task-run: shutdown-launchd(监听键盘鼠标任务|关机)
gpu-task-run: gpu-launchd(开机|任务启动)
My-Launchd-Logs: -------------------------- [2023-03-22 08:02:24]
shutdown-task-run: shutdown-launchd(监听键盘鼠标任务|关机)
gpu-task-run: gpu-launchd(关机|任务关闭)
My-Launchd-Logs: -------------------------- [END]

My-Launchd-Logs: -------------------------- [2023-03-22 15:32:10]
shutdown-task-run: shutdown-launchd(监听键盘鼠标任务|关机)
gpu-task-run: gpu-launchd(开机|任务启动)
gpu-task-run: gpu-launchd(关机|任务关闭)
My-Launchd-Logs: -------------------------- [END]

gpu-task-run: gpu-launchd(开机|任务启动)
My-Launchd-Logs: -------------------------- [2023-03-24 09:01:45]
shutdown-task-run: shutdown-launchd(监听键盘鼠标任务|关机)
shutdown-task-run: shutdown-launchd(关机中...)
gpu-task-run: gpu-launchd(关机|任务关闭)
My-Launchd-Logs: -------------------------- [END]

gpu-task-run: gpu-launchd(开机|任务启动)
My-Launchd-Logs: -------------------------- [2023-03-24 09:28:13]
shutdown-task-run: shutdown-launchd(监听键盘鼠标任务|关机)
gpu-task-run: gpu-launchd(关机|任务关闭)
My-Launchd-Logs: -------------------------- [END]

gpu-task-run: gpu-launchd(开机|任务启动)
My-Launchd-Logs: -------------------------- [2023-03-25 08:01:15]
shutdown-task-run: shutdown-launchd(监听键盘鼠标任务|关机)
gpu-task-run: gpu-launchd(关机|任务关闭)
My-Launchd-Logs: -------------------------- [END]

gpu-task-run: gpu-launchd(开机|任务启动)
My-Launchd-Logs: -------------------------- [2023-03-25 12:25:21]
shutdown-task-run: shutdown-launchd(监听键盘鼠标任务|关机)
gpu-task-run: gpu-launchd(关机|任务关闭)
My-Launchd-Logs: -------------------------- [END]

gpu-task-run: gpu-launchd(开机|任务启动)
My-Launchd-Logs: -------------------------- [2023-03-26 09:13:03]
shutdown-task-run: shutdown-launchd(监听键盘鼠标任务|关机)
gpu-task-run: gpu-launchd(关机|任务关闭)
My-Launchd-Logs: -------------------------- [END]

gpu-task-run: gpu-launchd(开机|任务启动)
My-Launchd-Logs: -------------------------- [2023-04-17 23:25:48]
shutdown-task-run: shutdown-launchd(监听键盘鼠标任务|关机)
shutdown-task-run: shutdown-launchd(关机中...)
gpu-task-run: gpu-launchd(关机|任务关闭)
My-Launchd-Logs: -------------------------- [END]

gpu-task-run: gpu-launchd(开机|任务启动)
My-Launchd-Logs: -------------------------- [2023-04-18 07:36:54]
shutdown-task-run: shutdown-launchd(监听键盘鼠标任务|关机)
shutdown-task-run: shutdown-launchd(关机中...)
gpu-task-run: gpu-launchd(关机|任务关闭)
My-Launchd-Logs: -------------------------- [END]

gpu-task-run: gpu-launchd(开机|任务启动)
My-Launchd-Logs: -------------------------- [2023-04-18 07:51:31]
shutdown-task-run: shutdown-launchd(监听键盘鼠标任务|关机)
gpu-task-run: gpu-launchd(关机|任务关闭)
My-Launchd-Logs: -------------------------- [END]

gpu-task-run: gpu-launchd(开机|任务启动)
My-Launchd-Logs: -------------------------- [2023-04-18 12:45:29]
shutdown-task-run: shutdown-launchd(监听键盘鼠标任务|关机)
gpu-task-run: gpu-launchd(关机|任务关闭)
My-Launchd-Logs: -------------------------- [END]

My-Launchd-Logs: -------------------------- [2023-04-18 13:23:38]
shutdown-task-run: shutdown-launchd(监听键盘鼠标任务|关机)
gpu-task-run: gpu-launchd(开机|任务启动)
gpu-task-run: gpu-launchd(关机|任务关闭)
My-Launchd-Logs: -------------------------- [END]

gpu-task-run: gpu-launchd(开机|任务启动)
My-Launchd-Logs: -------------------------- [2023-04-18 14:34:51]
shutdown-task-run: shutdown-launchd(监听键盘鼠标任务|关机)
shutdown-task-run: shutdown-launchd(关机中...)
gpu-task-run: gpu-launchd(关机|任务关闭)
My-Launchd-Logs: -------------------------- [END]

gpu-task-run: gpu-launchd(开机|任务启动)
My-Launchd-Logs: -------------------------- [2023-04-18 15:41:29]
shutdown-task-run: shutdown-launchd(监听键盘鼠标任务|关机)
gpu-task-run: gpu-launchd(关机|任务关闭)
My-Launchd-Logs: -------------------------- [END]

My-Launchd-Logs: -------------------------- [2023-04-19 06:27:47]
shutdown-task-run: shutdown-launchd(监听键盘鼠标任务|关机)
gpu-task-run: gpu-launchd(开机|任务启动)
shutdown-task-run: shutdown-launchd(关机中...)
gpu-task-run: gpu-launchd(关机|任务关闭)
My-Launchd-Logs: -------------------------- [END]

gpu-task-run: gpu-launchd(开机|任务启动)
My-Launchd-Logs: -------------------------- [2023-05-15 00:58:57]
shutdown-task-run: shutdown-launchd(监听键盘鼠标任务|关机)
gpu-task-run: gpu-launchd(关机|任务关闭)
My-Launchd-Logs: -------------------------- [END]

gpu-task-run: gpu-launchd(开机|任务启动)
My-Launchd-Logs: -------------------------- [2023-05-15 07:39:22]
shutdown-task-run: shutdown-launchd(监听键盘鼠标任务|关机)
shutdown-task-run: shutdown-launchd(关机中...)
gpu-task-run: gpu-launchd(关机|任务关闭)
My-Launchd-Logs: -------------------------- [END]

gpu-task-run: gpu-launchd(开机|任务启动)
My-Launchd-Logs: -------------------------- [2023-05-16 00:28:59]
shutdown-task-run: shutdown-launchd(监听键盘鼠标任务|关机)
shutdown-task-run: shutdown-launchd(关机中...)
gpu-task-run: gpu-launchd(关机|任务关闭)
My-Launchd-Logs: -------------------------- [END]

My-Launchd-Logs: -------------------------- [2023-05-16 03:23:59]
shutdown-task-run: shutdown-launchd(监听键盘鼠标任务|关机)
gpu-task-run: gpu-launchd(开机|任务启动)
gpu-task-run: gpu-launchd(关机|任务关闭)
My-Launchd-Logs: -------------------------- [END]

gpu-task-run: gpu-launchd(开机|任务启动)
My-Launchd-Logs: -------------------------- [2023-05-16 08:24:03]
shutdown-task-run: shutdown-launchd(监听键盘鼠标任务|关机)
gpu-task-run: gpu-launchd(关机|任务关闭)
My-Launchd-Logs: -------------------------- [END]

My-Launchd-Logs: -------------------------- [2023-05-17 00:45:43]
shutdown-task-run: shutdown-launchd(监听键盘鼠标任务|关机)
gpu-task-run: gpu-launchd(开机|任务启动)
shutdown-task-run: shutdown-launchd(关机中...)
gpu-task-run: gpu-launchd(关机|任务关闭)
My-Launchd-Logs: -------------------------- [END]

gpu-task-run: gpu-launchd(开机|任务启动)
My-Launchd-Logs: -------------------------- [2023-05-17 06:28:57]
shutdown-task-run: shutdown-launchd(监听键盘鼠标任务|关机)
gpu-task-run: gpu-launchd(关机|任务关闭)
My-Launchd-Logs: -------------------------- [END]

My-Launchd-Logs: -------------------------- [2023-06-10 16:17:39]
shutdown-task-run: shutdown-launchd(监听键盘鼠标任务|关机)
gpu-task-run: gpu-launchd(开机|任务启动)
gpu-task-run: gpu-launchd(开机|任务启动)
My-Launchd-Logs: -------------------------- [2023-06-10 16:25:05]
shutdown-task-run: shutdown-launchd(监听键盘鼠标任务|关机)
gpu-task-run: gpu-launchd(开机|任务启动)
My-Launchd-Logs: -------------------------- [2023-06-10 17:03:32]
shutdown-task-run: shutdown-launchd(监听键盘鼠标任务|关机)
gpu-task-run: gpu-launchd(关机|任务关闭)
My-Launchd-Logs: -------------------------- [END]

gpu-task-run: gpu-launchd(开机|任务启动)
My-Launchd-Logs: -------------------------- [2023-06-10 17:14:15]
shutdown-task-run: shutdown-launchd(监听键盘鼠标任务|关机)
shutdown-task-run: shutdown-launchd(关机中...)
gpu-task-run: gpu-launchd(关机|任务关闭)
My-Launchd-Logs: -------------------------- [END]

gpu-task-run: gpu-launchd(开机|任务启动)
My-Launchd-Logs: -------------------------- [2023-06-10 19:05:55]
shutdown-task-run: shutdown-launchd(监听键盘鼠标任务|关机)
shutdown-task-run: shutdown-launchd(关机中...)
gpu-task-run: gpu-launchd(关机|任务关闭)
My-Launchd-Logs: -------------------------- [END]

gpu-task-run: gpu-launchd(开机|任务启动)
My-Launchd-Logs: -------------------------- [2023-06-10 19:20:39]
shutdown-task-run: shutdown-launchd(监听键盘鼠标任务|关机)
My-Launchd-Logs: -------------------------- [2023-06-10 19:32:26]
shutdown-task-run: shutdown-launchd(监听键盘鼠标任务|关机)
gpu-task-run: gpu-launchd(开机|任务启动)
gpu-task-run: gpu-launchd(关机|任务关闭)
My-Launchd-Logs: -------------------------- [END]

gpu-task-run: gpu-launchd(开机|任务启动)
My-Launchd-Logs: -------------------------- [2023-06-10 19:44:07]
shutdown-task-run: shutdown-launchd(监听键盘鼠标任务|关机)
gpu-task-run: gpu-launchd(开机|任务启动)
My-Launchd-Logs: -------------------------- [2023-06-10 20:04:52]
shutdown-task-run: shutdown-launchd(监听键盘鼠标任务|关机)
shutdown-task-run: shutdown-launchd(关机中...)
gpu-task-run: gpu-launchd(关机|任务关闭)
My-Launchd-Logs: -------------------------- [END]

gpu-task-run: gpu-launchd(开机|任务启动)
My-Launchd-Logs: -------------------------- [2023-06-11 08:26:24]
shutdown-task-run: shutdown-launchd(监听键盘鼠标任务|关机)
shutdown-task-run: shutdown-launchd(关机中...)
gpu-task-run: gpu-launchd(关机|任务关闭)
My-Launchd-Logs: -------------------------- [END]

gpu-task-run: gpu-launchd(开机|任务启动)
My-Launchd-Logs: -------------------------- [2023-06-11 21:13:58]
shutdown-task-run: shutdown-launchd(监听键盘鼠标任务|关机)
gpu-task-run: gpu-launchd(关机|任务关闭)
My-Launchd-Logs: -------------------------- [END]

gpu-task-run: gpu-launchd(开机|任务启动)
My-Launchd-Logs: -------------------------- [2023-06-12 08:00:56]
shutdown-task-run: shutdown-launchd(监听键盘鼠标任务|关机)
shutdown-task-run: shutdown-launchd(关机中...)
gpu-task-run: gpu-launchd(关机|任务关闭)
My-Launchd-Logs: -------------------------- [END]

gpu-task-run: gpu-launchd(开机|任务启动)
My-Launchd-Logs: -------------------------- [2023-06-12 11:37:28]
shutdown-task-run: shutdown-launchd(监听键盘鼠标任务|关机)
shutdown-task-run: shutdown-launchd(关机中...)
gpu-task-run: gpu-launchd(关机|任务关闭)
My-Launchd-Logs: -------------------------- [END]

My-Launchd-Logs: -------------------------- [2023-06-12 15:56:25]
shutdown-task-run: shutdown-launchd(监听键盘鼠标任务|关机)
gpu-task-run: gpu-launchd(开机|任务启动)
shutdown-task-run: shutdown-launchd(关机中...)
gpu-task-run: gpu-launchd(关机|任务关闭)
My-Launchd-Logs: -------------------------- [END]

My-Launchd-Logs: -------------------------- [2023-06-12 19:06:06]
shutdown-task-run: shutdown-launchd(监听键盘鼠标任务|关机)
gpu-task-run: gpu-launchd(开机|任务启动)
gpu-task-run: gpu-launchd(关机|任务关闭)
My-Launchd-Logs: -------------------------- [END]

gpu-task-run: gpu-launchd(开机|任务启动)
My-Launchd-Logs: -------------------------- [2023-06-13 06:58:28]
shutdown-task-run: shutdown-launchd(监听键盘鼠标任务|关机)
shutdown-task-run: shutdown-launchd(关机中...)
gpu-task-run: gpu-launchd(关机|任务关闭)
My-Launchd-Logs: -------------------------- [END]

gpu-task-run: gpu-launchd(开机|任务启动)
My-Launchd-Logs: -------------------------- [2023-06-13 08:06:04]
shutdown-task-run: shutdown-launchd(监听键盘鼠标任务|关机)
shutdown-task-run: shutdown-launchd(关机中...)
gpu-task-run: gpu-launchd(关机|任务关闭)
My-Launchd-Logs: -------------------------- [END]

gpu-task-run: gpu-launchd(开机|任务启动)
My-Launchd-Logs: -------------------------- [2023-06-13 09:18:28]
shutdown-task-run: shutdown-launchd(监听键盘鼠标任务|关机)
shutdown-task-run: shutdown-launchd(关机中...)
gpu-task-run: gpu-launchd(关机|任务关闭)
My-Launchd-Logs: -------------------------- [END]

gpu-task-run: gpu-launchd(开机|任务启动)
My-Launchd-Logs: -------------------------- [2023-06-13 09:52:29]
shutdown-task-run: shutdown-launchd(监听键盘鼠标任务|关机)
gpu-task-run: gpu-launchd(开机|任务启动)
My-Launchd-Logs: -------------------------- [2023-06-13 11:43:42]
shutdown-task-run: shutdown-launchd(监听键盘鼠标任务|关机)
gpu-task-run: gpu-launchd(关机|任务关闭)
My-Launchd-Logs: -------------------------- [END]

gpu-task-run: gpu-launchd(开机|任务启动)
My-Launchd-Logs: -------------------------- [2023-07-17 21:33:01]
shutdown-task-run: shutdown-launchd(监听键盘鼠标任务|关机)
shutdown-task-run: shutdown-launchd(关机中...)
gpu-task-run: gpu-launchd(关机|任务关闭)
My-Launchd-Logs: -------------------------- [END]

gpu-task-run: gpu-launchd(开机|任务启动)
My-Launchd-Logs: -------------------------- [2023-07-17 23:37:56]
shutdown-task-run: shutdown-launchd(监听键盘鼠标任务|关机)
shutdown-task-run: shutdown-launchd(关机中...)
gpu-task-run: gpu-launchd(关机|任务关闭)
My-Launchd-Logs: -------------------------- [END]

My-Launchd-Logs: -------------------------- [2023-07-18 07:14:50]
shutdown-task-run: shutdown-launchd(监听键盘鼠标任务|关机)
gpu-task-run: gpu-launchd(开机|任务启动)
gpu-task-run: gpu-launchd(关机|任务关闭)
My-Launchd-Logs: -------------------------- [END]

gpu-task-run: gpu-launchd(开机|任务启动)
My-Launchd-Logs: -------------------------- [2023-07-18 23:54:11]
shutdown-task-run: shutdown-launchd(监听键盘鼠标任务|关机)
shutdown-task-run: shutdown-launchd(关机中...)
gpu-task-run: gpu-launchd(关机|任务关闭)
My-Launchd-Logs: -------------------------- [END]

gpu-task-run: gpu-launchd(开机|任务启动)
My-Launchd-Logs: -------------------------- [2023-07-19 07:08:40]
shutdown-task-run: shutdown-launchd(监听键盘鼠标任务|关机)
gpu-task-run: gpu-launchd(关机|任务关闭)
My-Launchd-Logs: -------------------------- [END]

gpu-task-run: gpu-launchd(开机|任务启动)
My-Launchd-Logs: -------------------------- [2023-07-19 20:03:19]
shutdown-task-run: shutdown-launchd(监听键盘鼠标任务|关机)
gpu-task-run: gpu-launchd(关机|任务关闭)
My-Launchd-Logs: -------------------------- [END]

gpu-task-run: gpu-launchd(开机|任务启动)
My-Launchd-Logs: -------------------------- [2023-07-20 02:51:02]
shutdown-task-run: shutdown-launchd(监听键盘鼠标任务|关机)
gpu-task-run: gpu-launchd(关机|任务关闭)
My-Launchd-Logs: -------------------------- [END]

My-Launchd-Logs: -------------------------- [2023-08-19 17:09:48]
shutdown-task-run: shutdown-launchd(监听键盘鼠标任务|关机)
gpu-task-run: gpu-launchd(开机|任务启动)
gpu-task-run: gpu-launchd(关机|任务关闭)
My-Launchd-Logs: -------------------------- [END]

gpu-task-run: gpu-launchd(开机|任务启动)
My-Launchd-Logs: -------------------------- [2023-08-19 20:05:40]
shutdown-task-run: shutdown-launchd(监听键盘鼠标任务|关机)
gpu-task-run: gpu-launchd(关机|任务关闭)
My-Launchd-Logs: -------------------------- [END]

My-Launchd-Logs: -------------------------- [2023-08-19 20:07:43]
shutdown-task-run: shutdown-launchd(监听键盘鼠标任务|关机)
gpu-task-run: gpu-launchd(开机|任务启动)
shutdown-task-run: shutdown-launchd(关机中...)
gpu-task-run: gpu-launchd(关机|任务关闭)
My-Launchd-Logs: -------------------------- [END]

gpu-task-run: gpu-launchd(开机|任务启动)
My-Launchd-Logs: -------------------------- [2023-08-19 20:58:32]
shutdown-task-run: shutdown-launchd(监听键盘鼠标任务|关机)
gpu-task-run: gpu-launchd(关机|任务关闭)
My-Launchd-Logs: -------------------------- [END]

